<?xml version="1.0" encoding="UTF-8" ?>
<testsuites>
  <testsuite errors="0" failures="0" hostname="Notebook" id="0" name="QuoteServiceIntegrationTests" package="qotd" tests="1" time="0.19" timestamp="2013-03-30T20:56:51">
      <properties />

      <testcase classname="qotd.QuoteServiceIntegrationTests" name="testStaticQuote" time="0.187" />

      <system-out><![CDATA[--Output from testStaticQuote--
]]></system-out>

      <system-err><![CDATA[--Output from testStaticQuote--
]]></system-err>

  </testsuite>
  <testsuite errors="0" failures="1" hostname="Notebook" id="1" name="QuoteControllerTests" package="qotd" tests="1" time="2.407" timestamp="2013-03-30T20:56:35">
      <properties />

      <testcase classname="qotd.QuoteControllerTests" name="testSomething" time="2.245">
          <failure message="junit.framework.AssertionFailedError: Implement me" type="junit.framework.AssertionFailedError">junit.framework.AssertionFailedError: junit.framework.AssertionFailedError: Implement me
	at qotd.QuoteControllerTests.testSomething(QuoteControllerTests.groovy:15)
</failure>

      </testcase>

      <system-out><![CDATA[--Output from testSomething--
]]></system-out>

      <system-err><![CDATA[--Output from testSomething--
]]></system-err>

  </testsuite>
  <testsuite errors="0" failures="1" hostname="Notebook" id="2" name="QuoteServiceTests" package="qotd" tests="1" time="0.527" timestamp="2013-03-30T20:56:37">
      <properties />

      <testcase classname="qotd.QuoteServiceTests" name="testSomething" time="0.078">
          <failure message="junit.framework.AssertionFailedError: Implement me" type="junit.framework.AssertionFailedError">junit.framework.AssertionFailedError: junit.framework.AssertionFailedError: Implement me
	at qotd.QuoteServiceTests.testSomething(QuoteServiceTests.groovy:15)
</failure>

      </testcase>

      <system-out><![CDATA[--Output from testSomething--
]]></system-out>

      <system-err><![CDATA[--Output from testSomething--
]]></system-err>

  </testsuite>
  <testsuite errors="0" failures="1" hostname="Notebook" id="3" name="QuoteTests" package="qotd" tests="1" time="0.662" timestamp="2013-03-30T20:56:38">
      <properties />

      <testcase classname="qotd.QuoteTests" name="testSomething" time="0.655">
          <failure message="junit.framework.AssertionFailedError: Implement me" type="junit.framework.AssertionFailedError">junit.framework.AssertionFailedError: junit.framework.AssertionFailedError: Implement me
	at qotd.QuoteTests.testSomething(QuoteTests.groovy:15)
</failure>

      </testcase>

      <system-out><![CDATA[--Output from testSomething--
]]></system-out>

      <system-err><![CDATA[--Output from testSomething--
]]></system-err>

  </testsuite>
</testsuites>
